<?xml version="1.0" encoding="UTF-8"?>
<robot generator="Robot 6.0.2 (Python 3.9.19 on linux)" generated="20240828 11:53:53.829" rpa="false" schemaversion="3">
<suite id="s1" name="Tests" source="/tests">
<suite id="s1-s1" name="Tests" source="/tests/tests">
<suite id="s1-s1-s1" name="Example1 Test" source="/tests/tests/example1_test.robot">
<test id="s1-s1-s1-t1" name="Browser Priming" line="24">
<kw name="Prime Browser">
<kw name="Open Chrome Browser">
<kw name="Evaluate" library="BuiltIn">
<var>${chrome_options}</var>
<arg>sys.modules['selenium.webdriver'].ChromeOptions()</arg>
<arg>sys</arg>
<doc>Evaluates the given expression in Python and returns the result.</doc>
<msg timestamp="20240828 11:53:54.131" level="INFO">${chrome_options} = &lt;selenium.webdriver.chrome.options.Options object at 0x7f23fdc088e0&gt;</msg>
<status status="PASS" starttime="20240828 11:53:54.131" endtime="20240828 11:53:54.131"/>
</kw>
<kw name="Run Keyword If" library="BuiltIn">
<arg>${HEADLESS}</arg>
<arg>Call Method</arg>
<arg>${chrome_options}</arg>
<arg>add_argument</arg>
<arg>--headless</arg>
<doc>Runs the given keyword with the given arguments, if ``condition`` is true.</doc>
<kw name="Call Method" library="BuiltIn">
<arg>${chrome_options}</arg>
<arg>add_argument</arg>
<arg>--headless</arg>
<doc>Calls the named method of the given object with the provided arguments.</doc>
<status status="PASS" starttime="20240828 11:53:54.132" endtime="20240828 11:53:54.132"/>
</kw>
<status status="PASS" starttime="20240828 11:53:54.131" endtime="20240828 11:53:54.132"/>
</kw>
<kw name="Call Method" library="BuiltIn">
<arg>${chrome_options}</arg>
<arg>add_argument</arg>
<arg>--no-sandbox</arg>
<doc>Calls the named method of the given object with the provided arguments.</doc>
<status status="PASS" starttime="20240828 11:53:54.132" endtime="20240828 11:53:54.132"/>
</kw>
<kw name="Call Method" library="BuiltIn">
<arg>${chrome_options}</arg>
<arg>add_argument</arg>
<arg>--disable-dev-shm-usage</arg>
<doc>Calls the named method of the given object with the provided arguments.</doc>
<status status="PASS" starttime="20240828 11:53:54.132" endtime="20240828 11:53:54.133"/>
</kw>
<kw name="Create Webdriver" library="SeleniumLibrary">
<arg>Chrome</arg>
<arg>chrome_options=${chrome_options}</arg>
<doc>Creates an instance of Selenium WebDriver.</doc>
<msg timestamp="20240828 11:53:54.133" level="INFO">Creating an instance of the Chrome WebDriver.</msg>
<status status="PASS" starttime="20240828 11:53:54.133" endtime="20240828 11:53:55.026"/>
</kw>
<kw name="Go To" library="SeleniumLibrary">
<arg>${URL}</arg>
<doc>Navigates the current browser window to the provided ``url``.</doc>
<msg timestamp="20240828 11:53:55.028" level="INFO">Opening url 'https://www.example.com'</msg>
<status status="PASS" starttime="20240828 11:53:55.027" endtime="20240828 11:53:55.970"/>
</kw>
<status status="PASS" starttime="20240828 11:53:54.130" endtime="20240828 11:53:55.970"/>
</kw>
<kw name="Close Browser" library="SeleniumLibrary">
<doc>Closes the current browser.</doc>
<status status="PASS" starttime="20240828 11:53:55.970" endtime="20240828 11:53:56.031"/>
</kw>
<status status="PASS" starttime="20240828 11:53:54.130" endtime="20240828 11:53:56.031"/>
</kw>
<status status="PASS" starttime="20240828 11:53:54.128" endtime="20240828 11:53:56.032"/>
</test>
<test id="s1-s1-s1-t2" name="Example 1 - Check Page Title" line="28">
<kw name="Open Chrome Browser">
<kw name="Evaluate" library="BuiltIn">
<var>${chrome_options}</var>
<arg>sys.modules['selenium.webdriver'].ChromeOptions()</arg>
<arg>sys</arg>
<doc>Evaluates the given expression in Python and returns the result.</doc>
<msg timestamp="20240828 11:53:56.036" level="INFO">${chrome_options} = &lt;selenium.webdriver.chrome.options.Options object at 0x7f23fdb56f40&gt;</msg>
<status status="PASS" starttime="20240828 11:53:56.035" endtime="20240828 11:53:56.036"/>
</kw>
<kw name="Run Keyword If" library="BuiltIn">
<arg>${HEADLESS}</arg>
<arg>Call Method</arg>
<arg>${chrome_options}</arg>
<arg>add_argument</arg>
<arg>--headless</arg>
<doc>Runs the given keyword with the given arguments, if ``condition`` is true.</doc>
<kw name="Call Method" library="BuiltIn">
<arg>${chrome_options}</arg>
<arg>add_argument</arg>
<arg>--headless</arg>
<doc>Calls the named method of the given object with the provided arguments.</doc>
<status status="PASS" starttime="20240828 11:53:56.037" endtime="20240828 11:53:56.037"/>
</kw>
<status status="PASS" starttime="20240828 11:53:56.037" endtime="20240828 11:53:56.037"/>
</kw>
<kw name="Call Method" library="BuiltIn">
<arg>${chrome_options}</arg>
<arg>add_argument</arg>
<arg>--no-sandbox</arg>
<doc>Calls the named method of the given object with the provided arguments.</doc>
<status status="PASS" starttime="20240828 11:53:56.037" endtime="20240828 11:53:56.038"/>
</kw>
<kw name="Call Method" library="BuiltIn">
<arg>${chrome_options}</arg>
<arg>add_argument</arg>
<arg>--disable-dev-shm-usage</arg>
<doc>Calls the named method of the given object with the provided arguments.</doc>
<status status="PASS" starttime="20240828 11:53:56.038" endtime="20240828 11:53:56.039"/>
</kw>
<kw name="Create Webdriver" library="SeleniumLibrary">
<arg>Chrome</arg>
<arg>chrome_options=${chrome_options}</arg>
<doc>Creates an instance of Selenium WebDriver.</doc>
<msg timestamp="20240828 11:53:56.041" level="INFO">Creating an instance of the Chrome WebDriver.</msg>
<status status="PASS" starttime="20240828 11:53:56.040" endtime="20240828 11:53:56.913"/>
</kw>
<kw name="Go To" library="SeleniumLibrary">
<arg>${URL}</arg>
<doc>Navigates the current browser window to the provided ``url``.</doc>
<msg timestamp="20240828 11:53:56.915" level="INFO">Opening url 'https://www.example.com'</msg>
<status status="PASS" starttime="20240828 11:53:56.915" endtime="20240828 11:53:57.466"/>
</kw>
<status status="PASS" starttime="20240828 11:53:56.035" endtime="20240828 11:53:57.467"/>
</kw>
<kw name="Get Title" library="SeleniumLibrary">
<var>${title}</var>
<doc>Returns the title of the current page.</doc>
<msg timestamp="20240828 11:53:57.495" level="INFO">${title} = Example Domain</msg>
<status status="PASS" starttime="20240828 11:53:57.467" endtime="20240828 11:53:57.495"/>
</kw>
<kw name="Log" library="BuiltIn">
<arg>Page title is: ${title}</arg>
<doc>Logs the given message with the given level.</doc>
<msg timestamp="20240828 11:53:57.496" level="INFO">Page title is: Example Domain</msg>
<status status="PASS" starttime="20240828 11:53:57.496" endtime="20240828 11:53:57.497"/>
</kw>
<kw name="Should Be Equal" library="BuiltIn">
<arg>${title}</arg>
<arg>Example Domain</arg>
<doc>Fails if the given objects are unequal.</doc>
<status status="PASS" starttime="20240828 11:53:57.499" endtime="20240828 11:53:57.501"/>
</kw>
<kw name="Close Browser" library="SeleniumLibrary">
<doc>Closes the current browser.</doc>
<status status="PASS" starttime="20240828 11:53:57.502" endtime="20240828 11:53:57.563"/>
</kw>
<status status="PASS" starttime="20240828 11:53:56.033" endtime="20240828 11:53:57.564"/>
</test>
<test id="s1-s1-s1-t3" name="Example 1 - Check Page Content" line="35">
<kw name="Open Chrome Browser">
<kw name="Evaluate" library="BuiltIn">
<var>${chrome_options}</var>
<arg>sys.modules['selenium.webdriver'].ChromeOptions()</arg>
<arg>sys</arg>
<doc>Evaluates the given expression in Python and returns the result.</doc>
<msg timestamp="20240828 11:53:57.567" level="INFO">${chrome_options} = &lt;selenium.webdriver.chrome.options.Options object at 0x7f23fdb0f460&gt;</msg>
<status status="PASS" starttime="20240828 11:53:57.566" endtime="20240828 11:53:57.567"/>
</kw>
<kw name="Run Keyword If" library="BuiltIn">
<arg>${HEADLESS}</arg>
<arg>Call Method</arg>
<arg>${chrome_options}</arg>
<arg>add_argument</arg>
<arg>--headless</arg>
<doc>Runs the given keyword with the given arguments, if ``condition`` is true.</doc>
<kw name="Call Method" library="BuiltIn">
<arg>${chrome_options}</arg>
<arg>add_argument</arg>
<arg>--headless</arg>
<doc>Calls the named method of the given object with the provided arguments.</doc>
<status status="PASS" starttime="20240828 11:53:57.567" endtime="20240828 11:53:57.568"/>
</kw>
<status status="PASS" starttime="20240828 11:53:57.567" endtime="20240828 11:53:57.568"/>
</kw>
<kw name="Call Method" library="BuiltIn">
<arg>${chrome_options}</arg>
<arg>add_argument</arg>
<arg>--no-sandbox</arg>
<doc>Calls the named method of the given object with the provided arguments.</doc>
<status status="PASS" starttime="20240828 11:53:57.568" endtime="20240828 11:53:57.569"/>
</kw>
<kw name="Call Method" library="BuiltIn">
<arg>${chrome_options}</arg>
<arg>add_argument</arg>
<arg>--disable-dev-shm-usage</arg>
<doc>Calls the named method of the given object with the provided arguments.</doc>
<status status="PASS" starttime="20240828 11:53:57.569" endtime="20240828 11:53:57.569"/>
</kw>
<kw name="Create Webdriver" library="SeleniumLibrary">
<arg>Chrome</arg>
<arg>chrome_options=${chrome_options}</arg>
<doc>Creates an instance of Selenium WebDriver.</doc>
<msg timestamp="20240828 11:53:57.570" level="INFO">Creating an instance of the Chrome WebDriver.</msg>
<status status="PASS" starttime="20240828 11:53:57.569" endtime="20240828 11:53:58.457"/>
</kw>
<kw name="Go To" library="SeleniumLibrary">
<arg>${URL}</arg>
<doc>Navigates the current browser window to the provided ``url``.</doc>
<msg timestamp="20240828 11:53:58.458" level="INFO">Opening url 'https://www.example.com'</msg>
<status status="PASS" starttime="20240828 11:53:58.458" endtime="20240828 11:53:59.000"/>
</kw>
<status status="PASS" starttime="20240828 11:53:57.565" endtime="20240828 11:53:59.000"/>
</kw>
<kw name="Page Should Contain" library="SeleniumLibrary">
<arg>This domain is for use in illustrative examples in documents</arg>
<doc>Verifies that current page contains ``text``.</doc>
<msg timestamp="20240828 11:53:59.038" level="INFO">Current page contains text 'This domain is for use in illustrative examples in documents'.</msg>
<status status="PASS" starttime="20240828 11:53:59.001" endtime="20240828 11:53:59.038"/>
</kw>
<kw name="Capture Page Screenshot" library="SeleniumLibrary">
<doc>Takes a screenshot of the current page and embeds it into a log file.</doc>
<msg timestamp="20240828 11:53:59.123" level="INFO" html="true">&lt;/td&gt;&lt;/tr&gt;&lt;tr&gt;&lt;td colspan="3"&gt;&lt;a href="selenium-screenshot-6.png"&gt;&lt;img src="selenium-screenshot-6.png" width="800px"&gt;&lt;/a&gt;</msg>
<status status="PASS" starttime="20240828 11:53:59.039" endtime="20240828 11:53:59.123"/>
</kw>
<kw name="Close Browser" library="SeleniumLibrary">
<doc>Closes the current browser.</doc>
<status status="PASS" starttime="20240828 11:53:59.124" endtime="20240828 11:53:59.186"/>
</kw>
<status status="PASS" starttime="20240828 11:53:57.564" endtime="20240828 11:53:59.187"/>
</test>
<status status="PASS" starttime="20240828 11:53:53.862" endtime="20240828 11:53:59.189"/>
</suite>
<suite id="s1-s1-s2" name="Example Test" source="/tests/tests/example_test.robot">
<test id="s1-s1-s2-t1" name="Browser Priming" line="25">
<kw name="Prime Browser">
<kw name="Open Chrome Browser">
<kw name="Evaluate" library="BuiltIn">
<var>${chrome_options}</var>
<arg>sys.modules['selenium.webdriver'].ChromeOptions()</arg>
<arg>sys</arg>
<doc>Evaluates the given expression in Python and returns the result.</doc>
<msg timestamp="20240828 11:53:59.208" level="INFO">${chrome_options} = &lt;selenium.webdriver.chrome.options.Options object at 0x7f23fdb1efd0&gt;</msg>
<status status="PASS" starttime="20240828 11:53:59.207" endtime="20240828 11:53:59.208"/>
</kw>
<kw name="Run Keyword If" library="BuiltIn">
<arg>${HEADLESS}</arg>
<arg>Call Method</arg>
<arg>${chrome_options}</arg>
<arg>add_argument</arg>
<arg>--headless</arg>
<doc>Runs the given keyword with the given arguments, if ``condition`` is true.</doc>
<kw name="Call Method" library="BuiltIn">
<arg>${chrome_options}</arg>
<arg>add_argument</arg>
<arg>--headless</arg>
<doc>Calls the named method of the given object with the provided arguments.</doc>
<status status="PASS" starttime="20240828 11:53:59.209" endtime="20240828 11:53:59.209"/>
</kw>
<status status="PASS" starttime="20240828 11:53:59.208" endtime="20240828 11:53:59.209"/>
</kw>
<kw name="Call Method" library="BuiltIn">
<arg>${chrome_options}</arg>
<arg>add_argument</arg>
<arg>--no-sandbox</arg>
<doc>Calls the named method of the given object with the provided arguments.</doc>
<status status="PASS" starttime="20240828 11:53:59.209" endtime="20240828 11:53:59.209"/>
</kw>
<kw name="Call Method" library="BuiltIn">
<arg>${chrome_options}</arg>
<arg>add_argument</arg>
<arg>--disable-dev-shm-usage</arg>
<doc>Calls the named method of the given object with the provided arguments.</doc>
<status status="PASS" starttime="20240828 11:53:59.209" endtime="20240828 11:53:59.210"/>
</kw>
<kw name="Create Webdriver" library="SeleniumLibrary">
<arg>Chrome</arg>
<arg>chrome_options=${chrome_options}</arg>
<doc>Creates an instance of Selenium WebDriver.</doc>
<msg timestamp="20240828 11:53:59.210" level="INFO">Creating an instance of the Chrome WebDriver.</msg>
<status status="PASS" starttime="20240828 11:53:59.210" endtime="20240828 11:54:00.081"/>
</kw>
<kw name="Go To" library="SeleniumLibrary">
<arg>${URL}</arg>
<doc>Navigates the current browser window to the provided ``url``.</doc>
<msg timestamp="20240828 11:54:00.082" level="INFO">Opening url 'https://www.example.com'</msg>
<status status="PASS" starttime="20240828 11:54:00.081" endtime="20240828 11:54:00.623"/>
</kw>
<status status="PASS" starttime="20240828 11:53:59.207" endtime="20240828 11:54:00.623"/>
</kw>
<kw name="Close Browser" library="SeleniumLibrary">
<doc>Closes the current browser.</doc>
<status status="PASS" starttime="20240828 11:54:00.623" endtime="20240828 11:54:00.684"/>
</kw>
<status status="PASS" starttime="20240828 11:53:59.205" endtime="20240828 11:54:00.684"/>
</kw>
<status status="PASS" starttime="20240828 11:53:59.204" endtime="20240828 11:54:00.685"/>
</test>
<test id="s1-s1-s2-t2" name="Example Test" line="29">
<kw name="Open Chrome Browser">
<kw name="Evaluate" library="BuiltIn">
<var>${chrome_options}</var>
<arg>sys.modules['selenium.webdriver'].ChromeOptions()</arg>
<arg>sys</arg>
<doc>Evaluates the given expression in Python and returns the result.</doc>
<msg timestamp="20240828 11:54:00.689" level="INFO">${chrome_options} = &lt;selenium.webdriver.chrome.options.Options object at 0x7f23fdb04340&gt;</msg>
<status status="PASS" starttime="20240828 11:54:00.688" endtime="20240828 11:54:00.689"/>
</kw>
<kw name="Run Keyword If" library="BuiltIn">
<arg>${HEADLESS}</arg>
<arg>Call Method</arg>
<arg>${chrome_options}</arg>
<arg>add_argument</arg>
<arg>--headless</arg>
<doc>Runs the given keyword with the given arguments, if ``condition`` is true.</doc>
<kw name="Call Method" library="BuiltIn">
<arg>${chrome_options}</arg>
<arg>add_argument</arg>
<arg>--headless</arg>
<doc>Calls the named method of the given object with the provided arguments.</doc>
<status status="PASS" starttime="20240828 11:54:00.689" endtime="20240828 11:54:00.689"/>
</kw>
<status status="PASS" starttime="20240828 11:54:00.689" endtime="20240828 11:54:00.689"/>
</kw>
<kw name="Call Method" library="BuiltIn">
<arg>${chrome_options}</arg>
<arg>add_argument</arg>
<arg>--no-sandbox</arg>
<doc>Calls the named method of the given object with the provided arguments.</doc>
<status status="PASS" starttime="20240828 11:54:00.690" endtime="20240828 11:54:00.690"/>
</kw>
<kw name="Call Method" library="BuiltIn">
<arg>${chrome_options}</arg>
<arg>add_argument</arg>
<arg>--disable-dev-shm-usage</arg>
<doc>Calls the named method of the given object with the provided arguments.</doc>
<status status="PASS" starttime="20240828 11:54:00.690" endtime="20240828 11:54:00.690"/>
</kw>
<kw name="Create Webdriver" library="SeleniumLibrary">
<arg>Chrome</arg>
<arg>chrome_options=${chrome_options}</arg>
<doc>Creates an instance of Selenium WebDriver.</doc>
<msg timestamp="20240828 11:54:00.691" level="INFO">Creating an instance of the Chrome WebDriver.</msg>
<status status="PASS" starttime="20240828 11:54:00.690" endtime="20240828 11:54:01.560"/>
</kw>
<kw name="Go To" library="SeleniumLibrary">
<arg>${URL}</arg>
<doc>Navigates the current browser window to the provided ``url``.</doc>
<msg timestamp="20240828 11:54:01.562" level="INFO">Opening url 'https://www.example.com'</msg>
<status status="PASS" starttime="20240828 11:54:01.561" endtime="20240828 11:54:02.340"/>
</kw>
<status status="PASS" starttime="20240828 11:54:00.687" endtime="20240828 11:54:02.340"/>
</kw>
<kw name="Title Should Be" library="SeleniumLibrary">
<arg>Example Domain</arg>
<doc>Verifies that the current page title equals ``title``.</doc>
<msg timestamp="20240828 11:54:02.365" level="INFO">Page title is 'Example Domain'.</msg>
<status status="PASS" starttime="20240828 11:54:02.341" endtime="20240828 11:54:02.365"/>
</kw>
<kw name="Close Browser" library="SeleniumLibrary">
<doc>Closes the current browser.</doc>
<status status="PASS" starttime="20240828 11:54:02.365" endtime="20240828 11:54:02.432"/>
</kw>
<status status="PASS" starttime="20240828 11:54:00.686" endtime="20240828 11:54:02.433"/>
</test>
<status status="PASS" starttime="20240828 11:53:59.192" endtime="20240828 11:54:02.434"/>
</suite>
<status status="PASS" starttime="20240828 11:53:53.859" endtime="20240828 11:54:02.439"/>
</suite>
<status status="PASS" starttime="20240828 11:53:53.830" endtime="20240828 11:54:02.444"/>
</suite>
<statistics>
<total>
<stat pass="5" fail="0" skip="0">All Tests</stat>
</total>
<tag>
</tag>
<suite>
<stat pass="5" fail="0" skip="0" id="s1" name="Tests">Tests</stat>
<stat pass="5" fail="0" skip="0" id="s1-s1" name="Tests">Tests.Tests</stat>
<stat pass="3" fail="0" skip="0" id="s1-s1-s1" name="Example1 Test">Tests.Tests.Example1 Test</stat>
<stat pass="2" fail="0" skip="0" id="s1-s1-s2" name="Example Test">Tests.Tests.Example Test</stat>
</suite>
</statistics>
<errors>
</errors>
</robot>
