<?xml version="1.0" encoding="UTF-8"?>
<robot generator="Robot 6.0.2 (Python 3.9.19 on linux)" generated="20240828 11:49:14.424" rpa="false" schemaversion="3">
<suite id="s1" name="Tests" source="/tests">
<suite id="s1-s1" name="Tests" source="/tests/tests">
<suite id="s1-s1-s1" name="Example1 Test" source="/tests/tests/example1_test.robot">
<test id="s1-s1-s1-t1" name="Browser Priming" line="24">
<kw name="Prime Browser">
<kw name="Open Chrome Browser">
<kw name="Evaluate" library="BuiltIn">
<var>${chrome_options}</var>
<arg>sys.modules['selenium.webdriver'].ChromeOptions()</arg>
<arg>sys</arg>
<doc>Evaluates the given expression in Python and returns the result.</doc>
<msg timestamp="20240828 11:49:14.685" level="INFO">${chrome_options} = &lt;selenium.webdriver.chrome.options.Options object at 0x7f2c2cdfdfd0&gt;</msg>
<status status="PASS" starttime="20240828 11:49:14.685" endtime="20240828 11:49:14.685"/>
</kw>
<kw name="Run Keyword If" library="BuiltIn">
<arg>${HEADLESS}</arg>
<arg>Call Method</arg>
<arg>${chrome_options}</arg>
<arg>add_argument</arg>
<arg>--headless</arg>
<doc>Runs the given keyword with the given arguments, if ``condition`` is true.</doc>
<kw name="Call Method" library="BuiltIn">
<arg>${chrome_options}</arg>
<arg>add_argument</arg>
<arg>--headless</arg>
<doc>Calls the named method of the given object with the provided arguments.</doc>
<status status="PASS" starttime="20240828 11:49:14.686" endtime="20240828 11:49:14.686"/>
</kw>
<status status="PASS" starttime="20240828 11:49:14.686" endtime="20240828 11:49:14.686"/>
</kw>
<kw name="Call Method" library="BuiltIn">
<arg>${chrome_options}</arg>
<arg>add_argument</arg>
<arg>--no-sandbox</arg>
<doc>Calls the named method of the given object with the provided arguments.</doc>
<status status="PASS" starttime="20240828 11:49:14.686" endtime="20240828 11:49:14.687"/>
</kw>
<kw name="Call Method" library="BuiltIn">
<arg>${chrome_options}</arg>
<arg>add_argument</arg>
<arg>--disable-dev-shm-usage</arg>
<doc>Calls the named method of the given object with the provided arguments.</doc>
<status status="PASS" starttime="20240828 11:49:14.687" endtime="20240828 11:49:14.687"/>
</kw>
<kw name="Create Webdriver" library="SeleniumLibrary">
<arg>Chrome</arg>
<arg>chrome_options=${chrome_options}</arg>
<doc>Creates an instance of Selenium WebDriver.</doc>
<msg timestamp="20240828 11:49:14.687" level="INFO">Creating an instance of the Chrome WebDriver.</msg>
<status status="PASS" starttime="20240828 11:49:14.687" endtime="20240828 11:49:15.605"/>
</kw>
<kw name="Go To" library="SeleniumLibrary">
<arg>${URL}</arg>
<doc>Navigates the current browser window to the provided ``url``.</doc>
<msg timestamp="20240828 11:49:15.606" level="INFO">Opening url 'https://www.example.com'</msg>
<status status="PASS" starttime="20240828 11:49:15.605" endtime="20240828 11:49:16.402"/>
</kw>
<status status="PASS" starttime="20240828 11:49:14.685" endtime="20240828 11:49:16.402"/>
</kw>
<kw name="Close Browser" library="SeleniumLibrary">
<doc>Closes the current browser.</doc>
<status status="PASS" starttime="20240828 11:49:16.402" endtime="20240828 11:49:16.462"/>
</kw>
<status status="PASS" starttime="20240828 11:49:14.684" endtime="20240828 11:49:16.462"/>
</kw>
<status status="PASS" starttime="20240828 11:49:14.683" endtime="20240828 11:49:16.463"/>
</test>
<test id="s1-s1-s1-t2" name="Example 1 - Check Page Title" line="28">
<kw name="Open Chrome Browser">
<kw name="Evaluate" library="BuiltIn">
<var>${chrome_options}</var>
<arg>sys.modules['selenium.webdriver'].ChromeOptions()</arg>
<arg>sys</arg>
<doc>Evaluates the given expression in Python and returns the result.</doc>
<msg timestamp="20240828 11:49:16.466" level="INFO">${chrome_options} = &lt;selenium.webdriver.chrome.options.Options object at 0x7f2c2cdb8ac0&gt;</msg>
<status status="PASS" starttime="20240828 11:49:16.466" endtime="20240828 11:49:16.466"/>
</kw>
<kw name="Run Keyword If" library="BuiltIn">
<arg>${HEADLESS}</arg>
<arg>Call Method</arg>
<arg>${chrome_options}</arg>
<arg>add_argument</arg>
<arg>--headless</arg>
<doc>Runs the given keyword with the given arguments, if ``condition`` is true.</doc>
<kw name="Call Method" library="BuiltIn">
<arg>${chrome_options}</arg>
<arg>add_argument</arg>
<arg>--headless</arg>
<doc>Calls the named method of the given object with the provided arguments.</doc>
<status status="PASS" starttime="20240828 11:49:16.467" endtime="20240828 11:49:16.467"/>
</kw>
<status status="PASS" starttime="20240828 11:49:16.466" endtime="20240828 11:49:16.467"/>
</kw>
<kw name="Call Method" library="BuiltIn">
<arg>${chrome_options}</arg>
<arg>add_argument</arg>
<arg>--no-sandbox</arg>
<doc>Calls the named method of the given object with the provided arguments.</doc>
<status status="PASS" starttime="20240828 11:49:16.467" endtime="20240828 11:49:16.468"/>
</kw>
<kw name="Call Method" library="BuiltIn">
<arg>${chrome_options}</arg>
<arg>add_argument</arg>
<arg>--disable-dev-shm-usage</arg>
<doc>Calls the named method of the given object with the provided arguments.</doc>
<status status="PASS" starttime="20240828 11:49:16.468" endtime="20240828 11:49:16.468"/>
</kw>
<kw name="Create Webdriver" library="SeleniumLibrary">
<arg>Chrome</arg>
<arg>chrome_options=${chrome_options}</arg>
<doc>Creates an instance of Selenium WebDriver.</doc>
<msg timestamp="20240828 11:49:16.469" level="INFO">Creating an instance of the Chrome WebDriver.</msg>
<status status="PASS" starttime="20240828 11:49:16.468" endtime="20240828 11:49:17.284"/>
</kw>
<kw name="Go To" library="SeleniumLibrary">
<arg>${URL}</arg>
<doc>Navigates the current browser window to the provided ``url``.</doc>
<msg timestamp="20240828 11:49:17.285" level="INFO">Opening url 'https://www.example.com'</msg>
<status status="PASS" starttime="20240828 11:49:17.284" endtime="20240828 11:49:18.156"/>
</kw>
<status status="PASS" starttime="20240828 11:49:16.465" endtime="20240828 11:49:18.157"/>
</kw>
<kw name="Get Title" library="SeleniumLibrary">
<var>${title}</var>
<doc>Returns the title of the current page.</doc>
<msg timestamp="20240828 11:49:18.202" level="INFO">${title} = Example Domain</msg>
<status status="PASS" starttime="20240828 11:49:18.157" endtime="20240828 11:49:18.202"/>
</kw>
<kw name="Log" library="BuiltIn">
<arg>Page title is: ${title}</arg>
<doc>Logs the given message with the given level.</doc>
<msg timestamp="20240828 11:49:18.203" level="INFO">Page title is: Example Domain</msg>
<status status="PASS" starttime="20240828 11:49:18.202" endtime="20240828 11:49:18.203"/>
</kw>
<kw name="Should Be Equal" library="BuiltIn">
<arg>${title}</arg>
<arg>Example Domain</arg>
<doc>Fails if the given objects are unequal.</doc>
<status status="PASS" starttime="20240828 11:49:18.203" endtime="20240828 11:49:18.204"/>
</kw>
<kw name="Close Browser" library="SeleniumLibrary">
<doc>Closes the current browser.</doc>
<status status="PASS" starttime="20240828 11:49:18.204" endtime="20240828 11:49:18.264"/>
</kw>
<status status="PASS" starttime="20240828 11:49:16.464" endtime="20240828 11:49:18.264"/>
</test>
<test id="s1-s1-s1-t3" name="Example 1 - Check Page Content" line="35">
<kw name="Open Chrome Browser">
<kw name="Evaluate" library="BuiltIn">
<var>${chrome_options}</var>
<arg>sys.modules['selenium.webdriver'].ChromeOptions()</arg>
<arg>sys</arg>
<doc>Evaluates the given expression in Python and returns the result.</doc>
<msg timestamp="20240828 11:49:18.268" level="INFO">${chrome_options} = &lt;selenium.webdriver.chrome.options.Options object at 0x7f2c2cd57fd0&gt;</msg>
<status status="PASS" starttime="20240828 11:49:18.268" endtime="20240828 11:49:18.268"/>
</kw>
<kw name="Run Keyword If" library="BuiltIn">
<arg>${HEADLESS}</arg>
<arg>Call Method</arg>
<arg>${chrome_options}</arg>
<arg>add_argument</arg>
<arg>--headless</arg>
<doc>Runs the given keyword with the given arguments, if ``condition`` is true.</doc>
<kw name="Call Method" library="BuiltIn">
<arg>${chrome_options}</arg>
<arg>add_argument</arg>
<arg>--headless</arg>
<doc>Calls the named method of the given object with the provided arguments.</doc>
<status status="PASS" starttime="20240828 11:49:18.269" endtime="20240828 11:49:18.269"/>
</kw>
<status status="PASS" starttime="20240828 11:49:18.268" endtime="20240828 11:49:18.270"/>
</kw>
<kw name="Call Method" library="BuiltIn">
<arg>${chrome_options}</arg>
<arg>add_argument</arg>
<arg>--no-sandbox</arg>
<doc>Calls the named method of the given object with the provided arguments.</doc>
<status status="PASS" starttime="20240828 11:49:18.270" endtime="20240828 11:49:18.270"/>
</kw>
<kw name="Call Method" library="BuiltIn">
<arg>${chrome_options}</arg>
<arg>add_argument</arg>
<arg>--disable-dev-shm-usage</arg>
<doc>Calls the named method of the given object with the provided arguments.</doc>
<status status="PASS" starttime="20240828 11:49:18.270" endtime="20240828 11:49:18.270"/>
</kw>
<kw name="Create Webdriver" library="SeleniumLibrary">
<arg>Chrome</arg>
<arg>chrome_options=${chrome_options}</arg>
<doc>Creates an instance of Selenium WebDriver.</doc>
<msg timestamp="20240828 11:49:18.271" level="INFO">Creating an instance of the Chrome WebDriver.</msg>
<status status="PASS" starttime="20240828 11:49:18.270" endtime="20240828 11:49:19.085"/>
</kw>
<kw name="Go To" library="SeleniumLibrary">
<arg>${URL}</arg>
<doc>Navigates the current browser window to the provided ``url``.</doc>
<msg timestamp="20240828 11:49:19.092" level="INFO">Opening url 'https://www.example.com'</msg>
<status status="PASS" starttime="20240828 11:49:19.091" endtime="20240828 11:49:19.630"/>
</kw>
<status status="PASS" starttime="20240828 11:49:18.267" endtime="20240828 11:49:19.631"/>
</kw>
<kw name="Page Should Contain" library="SeleniumLibrary">
<arg>This domain is for use in illustrative examples in documents</arg>
<doc>Verifies that current page contains ``text``.</doc>
<msg timestamp="20240828 11:49:19.672" level="INFO">Current page contains text 'This domain is for use in illustrative examples in documents'.</msg>
<status status="PASS" starttime="20240828 11:49:19.631" endtime="20240828 11:49:19.672"/>
</kw>
<kw name="Capture Page Screenshot" library="SeleniumLibrary">
<doc>Takes a screenshot of the current page and embeds it into a log file.</doc>
<msg timestamp="20240828 11:49:19.750" level="INFO" html="true">&lt;/td&gt;&lt;/tr&gt;&lt;tr&gt;&lt;td colspan="3"&gt;&lt;a href="selenium-screenshot-5.png"&gt;&lt;img src="selenium-screenshot-5.png" width="800px"&gt;&lt;/a&gt;</msg>
<status status="PASS" starttime="20240828 11:49:19.673" endtime="20240828 11:49:19.750"/>
</kw>
<kw name="Close Browser" library="SeleniumLibrary">
<doc>Closes the current browser.</doc>
<status status="PASS" starttime="20240828 11:49:19.751" endtime="20240828 11:49:20.810"/>
</kw>
<status status="PASS" starttime="20240828 11:49:18.265" endtime="20240828 11:49:20.810"/>
</test>
<status status="PASS" starttime="20240828 11:49:14.461" endtime="20240828 11:49:20.812"/>
</suite>
<suite id="s1-s1-s2" name="Example Test" source="/tests/tests/example_test.robot">
<test id="s1-s1-s2-t1" name="Browser Priming" line="24">
<kw name="Prime Browser">
<kw name="Open Chrome Browser">
<kw name="Evaluate" library="BuiltIn">
<var>${chrome_options}</var>
<arg>sys.modules['selenium.webdriver'].ChromeOptions()</arg>
<arg>sys</arg>
<doc>Evaluates the given expression in Python and returns the result.</doc>
<msg timestamp="20240828 11:49:20.826" level="INFO">${chrome_options} = &lt;selenium.webdriver.chrome.options.Options object at 0x7f2c2cd6f970&gt;</msg>
<status status="PASS" starttime="20240828 11:49:20.826" endtime="20240828 11:49:20.826"/>
</kw>
<kw name="Run Keyword If" library="BuiltIn">
<arg>${HEADLESS}</arg>
<arg>Call Method</arg>
<arg>${chrome_options}</arg>
<arg>add_argument</arg>
<arg>--headless</arg>
<doc>Runs the given keyword with the given arguments, if ``condition`` is true.</doc>
<kw name="Call Method" library="BuiltIn">
<arg>${chrome_options}</arg>
<arg>add_argument</arg>
<arg>--headless</arg>
<doc>Calls the named method of the given object with the provided arguments.</doc>
<status status="PASS" starttime="20240828 11:49:20.827" endtime="20240828 11:49:20.827"/>
</kw>
<status status="PASS" starttime="20240828 11:49:20.826" endtime="20240828 11:49:20.827"/>
</kw>
<kw name="Call Method" library="BuiltIn">
<arg>${chrome_options}</arg>
<arg>add_argument</arg>
<arg>--no-sandbox</arg>
<doc>Calls the named method of the given object with the provided arguments.</doc>
<status status="PASS" starttime="20240828 11:49:20.828" endtime="20240828 11:49:20.828"/>
</kw>
<kw name="Call Method" library="BuiltIn">
<arg>${chrome_options}</arg>
<arg>add_argument</arg>
<arg>--disable-dev-shm-usage</arg>
<doc>Calls the named method of the given object with the provided arguments.</doc>
<status status="PASS" starttime="20240828 11:49:20.829" endtime="20240828 11:49:20.829"/>
</kw>
<kw name="Create Webdriver" library="SeleniumLibrary">
<arg>Chrome</arg>
<arg>chrome_options=${chrome_options}</arg>
<doc>Creates an instance of Selenium WebDriver.</doc>
<msg timestamp="20240828 11:49:20.830" level="INFO">Creating an instance of the Chrome WebDriver.</msg>
<status status="PASS" starttime="20240828 11:49:20.829" endtime="20240828 11:49:21.640"/>
</kw>
<kw name="Go To" library="SeleniumLibrary">
<arg>${URL}</arg>
<doc>Navigates the current browser window to the provided ``url``.</doc>
<msg timestamp="20240828 11:49:21.642" level="INFO">Opening url 'https://www.example.com'</msg>
<status status="PASS" starttime="20240828 11:49:21.641" endtime="20240828 11:49:22.561"/>
</kw>
<status status="PASS" starttime="20240828 11:49:20.825" endtime="20240828 11:49:22.561"/>
</kw>
<kw name="Close Browser" library="SeleniumLibrary">
<doc>Closes the current browser.</doc>
<status status="PASS" starttime="20240828 11:49:22.561" endtime="20240828 11:49:22.626"/>
</kw>
<status status="PASS" starttime="20240828 11:49:20.824" endtime="20240828 11:49:22.626"/>
</kw>
<status status="PASS" starttime="20240828 11:49:20.823" endtime="20240828 11:49:22.627"/>
</test>
<test id="s1-s1-s2-t2" name="Example Test" line="28">
<kw name="Open Chrome Browser">
<kw name="Evaluate" library="BuiltIn">
<var>${chrome_options}</var>
<arg>sys.modules['selenium.webdriver'].ChromeOptions()</arg>
<arg>sys</arg>
<doc>Evaluates the given expression in Python and returns the result.</doc>
<msg timestamp="20240828 11:49:22.631" level="INFO">${chrome_options} = &lt;selenium.webdriver.chrome.options.Options object at 0x7f2c2cdb8700&gt;</msg>
<status status="PASS" starttime="20240828 11:49:22.630" endtime="20240828 11:49:22.631"/>
</kw>
<kw name="Run Keyword If" library="BuiltIn">
<arg>${HEADLESS}</arg>
<arg>Call Method</arg>
<arg>${chrome_options}</arg>
<arg>add_argument</arg>
<arg>--headless</arg>
<doc>Runs the given keyword with the given arguments, if ``condition`` is true.</doc>
<kw name="Call Method" library="BuiltIn">
<arg>${chrome_options}</arg>
<arg>add_argument</arg>
<arg>--headless</arg>
<doc>Calls the named method of the given object with the provided arguments.</doc>
<status status="PASS" starttime="20240828 11:49:22.632" endtime="20240828 11:49:22.632"/>
</kw>
<status status="PASS" starttime="20240828 11:49:22.631" endtime="20240828 11:49:22.632"/>
</kw>
<kw name="Call Method" library="BuiltIn">
<arg>${chrome_options}</arg>
<arg>add_argument</arg>
<arg>--no-sandbox</arg>
<doc>Calls the named method of the given object with the provided arguments.</doc>
<status status="PASS" starttime="20240828 11:49:22.632" endtime="20240828 11:49:22.632"/>
</kw>
<kw name="Call Method" library="BuiltIn">
<arg>${chrome_options}</arg>
<arg>add_argument</arg>
<arg>--disable-dev-shm-usage</arg>
<doc>Calls the named method of the given object with the provided arguments.</doc>
<status status="PASS" starttime="20240828 11:49:22.632" endtime="20240828 11:49:22.633"/>
</kw>
<kw name="Create Webdriver" library="SeleniumLibrary">
<arg>Chrome</arg>
<arg>chrome_options=${chrome_options}</arg>
<doc>Creates an instance of Selenium WebDriver.</doc>
<msg timestamp="20240828 11:49:22.633" level="INFO">Creating an instance of the Chrome WebDriver.</msg>
<status status="PASS" starttime="20240828 11:49:22.633" endtime="20240828 11:49:23.446"/>
</kw>
<kw name="Go To" library="SeleniumLibrary">
<arg>${URL}</arg>
<doc>Navigates the current browser window to the provided ``url``.</doc>
<msg timestamp="20240828 11:49:23.447" level="INFO">Opening url 'https://www.example.com'</msg>
<status status="PASS" starttime="20240828 11:49:23.446" endtime="20240828 11:49:23.999"/>
</kw>
<status status="PASS" starttime="20240828 11:49:22.629" endtime="20240828 11:49:23.999"/>
</kw>
<kw name="Title Should Be" library="SeleniumLibrary">
<arg>Example Domain</arg>
<doc>Verifies that the current page title equals ``title``.</doc>
<msg timestamp="20240828 11:49:24.015" level="INFO">Page title is 'Example Domain'.</msg>
<status status="PASS" starttime="20240828 11:49:24.000" endtime="20240828 11:49:24.015"/>
</kw>
<kw name="Close Browser" library="SeleniumLibrary">
<doc>Closes the current browser.</doc>
<status status="PASS" starttime="20240828 11:49:24.015" endtime="20240828 11:49:24.074"/>
</kw>
<status status="PASS" starttime="20240828 11:49:22.628" endtime="20240828 11:49:24.075"/>
</test>
<status status="PASS" starttime="20240828 11:49:20.816" endtime="20240828 11:49:24.076"/>
</suite>
<status status="PASS" starttime="20240828 11:49:14.457" endtime="20240828 11:49:24.081"/>
</suite>
<status status="PASS" starttime="20240828 11:49:14.425" endtime="20240828 11:49:24.088"/>
</suite>
<statistics>
<total>
<stat pass="5" fail="0" skip="0">All Tests</stat>
</total>
<tag>
</tag>
<suite>
<stat pass="5" fail="0" skip="0" id="s1" name="Tests">Tests</stat>
<stat pass="5" fail="0" skip="0" id="s1-s1" name="Tests">Tests.Tests</stat>
<stat pass="3" fail="0" skip="0" id="s1-s1-s1" name="Example1 Test">Tests.Tests.Example1 Test</stat>
<stat pass="2" fail="0" skip="0" id="s1-s1-s2" name="Example Test">Tests.Tests.Example Test</stat>
</suite>
</statistics>
<errors>
</errors>
</robot>
