<?xml version="1.0" encoding="UTF-8"?>
<robot generator="Robot 6.0.2 (Python 3.9.19 on linux)" generated="20240825 15:18:10.284" rpa="false" schemaversion="3">
<suite id="s1" name="Tests" source="/tests">
<suite id="s1-s1" name="Example1 Test" source="/tests/example1_test.robot">
<test id="s1-s1-t1" name="Example 1 - Check Page Title" line="20">
<kw name="Open Chrome Browser">
<kw name="Evaluate" library="BuiltIn">
<var>${chrome_options}</var>
<arg>sys.modules['selenium.webdriver'].ChromeOptions()</arg>
<arg>sys</arg>
<doc>Evaluates the given expression in Python and returns the result.</doc>
<msg timestamp="20240825 15:18:10.593" level="INFO">${chrome_options} = &lt;selenium.webdriver.chrome.options.Options object at 0x7fb4f260ffd0&gt;</msg>
<status status="PASS" starttime="20240825 15:18:10.592" endtime="20240825 15:18:10.593"/>
</kw>
<kw name="Run Keyword If" library="BuiltIn">
<arg>${HEADLESS}</arg>
<arg>Call Method</arg>
<arg>${chrome_options}</arg>
<arg>add_argument</arg>
<arg>--headless</arg>
<doc>Runs the given keyword with the given arguments, if ``condition`` is true.</doc>
<kw name="Call Method" library="BuiltIn">
<arg>${chrome_options}</arg>
<arg>add_argument</arg>
<arg>--headless</arg>
<doc>Calls the named method of the given object with the provided arguments.</doc>
<status status="PASS" starttime="20240825 15:18:10.594" endtime="20240825 15:18:10.594"/>
</kw>
<status status="PASS" starttime="20240825 15:18:10.593" endtime="20240825 15:18:10.594"/>
</kw>
<kw name="Call Method" library="BuiltIn">
<arg>${chrome_options}</arg>
<arg>add_argument</arg>
<arg>--no-sandbox</arg>
<doc>Calls the named method of the given object with the provided arguments.</doc>
<status status="PASS" starttime="20240825 15:18:10.594" endtime="20240825 15:18:10.597"/>
</kw>
<kw name="Call Method" library="BuiltIn">
<arg>${chrome_options}</arg>
<arg>add_argument</arg>
<arg>--disable-dev-shm-usage</arg>
<doc>Calls the named method of the given object with the provided arguments.</doc>
<status status="PASS" starttime="20240825 15:18:10.597" endtime="20240825 15:18:10.598"/>
</kw>
<kw name="Create Webdriver" library="SeleniumLibrary">
<arg>Chrome</arg>
<arg>chrome_options=${chrome_options}</arg>
<doc>Creates an instance of Selenium WebDriver.</doc>
<msg timestamp="20240825 15:18:10.600" level="INFO">Creating an instance of the Chrome WebDriver.</msg>
<status status="PASS" starttime="20240825 15:18:10.598" endtime="20240825 15:18:11.496"/>
</kw>
<kw name="Go To" library="SeleniumLibrary">
<arg>${URL}</arg>
<doc>Navigates the current browser window to the provided ``url``.</doc>
<msg timestamp="20240825 15:18:11.497" level="INFO">Opening url 'https://www.example.com'</msg>
<status status="PASS" starttime="20240825 15:18:11.496" endtime="20240825 15:18:13.522"/>
</kw>
<status status="PASS" starttime="20240825 15:18:10.591" endtime="20240825 15:18:13.523"/>
</kw>
<kw name="Get Title" library="SeleniumLibrary">
<var>${title}</var>
<doc>Returns the title of the current page.</doc>
<msg timestamp="20240825 15:18:13.536" level="INFO">${title} = Example Domain</msg>
<status status="PASS" starttime="20240825 15:18:13.523" endtime="20240825 15:18:13.536"/>
</kw>
<kw name="Log" library="BuiltIn">
<arg>Page title is: ${title}</arg>
<doc>Logs the given message with the given level.</doc>
<msg timestamp="20240825 15:18:13.537" level="INFO">Page title is: Example Domain</msg>
<status status="PASS" starttime="20240825 15:18:13.537" endtime="20240825 15:18:13.537"/>
</kw>
<kw name="Should Be Equal" library="BuiltIn">
<arg>${title}</arg>
<arg>Example Domain</arg>
<doc>Fails if the given objects are unequal.</doc>
<status status="PASS" starttime="20240825 15:18:13.537" endtime="20240825 15:18:13.538"/>
</kw>
<kw name="Close Browser" library="SeleniumLibrary">
<doc>Closes the current browser.</doc>
<status status="PASS" starttime="20240825 15:18:13.538" endtime="20240825 15:18:13.608"/>
</kw>
<status status="PASS" starttime="20240825 15:18:10.589" endtime="20240825 15:18:13.609"/>
</test>
<test id="s1-s1-t2" name="Example 1 - Check Page Content" line="27">
<kw name="Open Chrome Browser">
<kw name="Evaluate" library="BuiltIn">
<var>${chrome_options}</var>
<arg>sys.modules['selenium.webdriver'].ChromeOptions()</arg>
<arg>sys</arg>
<doc>Evaluates the given expression in Python and returns the result.</doc>
<msg timestamp="20240825 15:18:13.614" level="INFO">${chrome_options} = &lt;selenium.webdriver.chrome.options.Options object at 0x7fb4f2509dc0&gt;</msg>
<status status="PASS" starttime="20240825 15:18:13.613" endtime="20240825 15:18:13.614"/>
</kw>
<kw name="Run Keyword If" library="BuiltIn">
<arg>${HEADLESS}</arg>
<arg>Call Method</arg>
<arg>${chrome_options}</arg>
<arg>add_argument</arg>
<arg>--headless</arg>
<doc>Runs the given keyword with the given arguments, if ``condition`` is true.</doc>
<kw name="Call Method" library="BuiltIn">
<arg>${chrome_options}</arg>
<arg>add_argument</arg>
<arg>--headless</arg>
<doc>Calls the named method of the given object with the provided arguments.</doc>
<status status="PASS" starttime="20240825 15:18:13.616" endtime="20240825 15:18:13.616"/>
</kw>
<status status="PASS" starttime="20240825 15:18:13.615" endtime="20240825 15:18:13.616"/>
</kw>
<kw name="Call Method" library="BuiltIn">
<arg>${chrome_options}</arg>
<arg>add_argument</arg>
<arg>--no-sandbox</arg>
<doc>Calls the named method of the given object with the provided arguments.</doc>
<status status="PASS" starttime="20240825 15:18:13.616" endtime="20240825 15:18:13.617"/>
</kw>
<kw name="Call Method" library="BuiltIn">
<arg>${chrome_options}</arg>
<arg>add_argument</arg>
<arg>--disable-dev-shm-usage</arg>
<doc>Calls the named method of the given object with the provided arguments.</doc>
<status status="PASS" starttime="20240825 15:18:13.617" endtime="20240825 15:18:13.617"/>
</kw>
<kw name="Create Webdriver" library="SeleniumLibrary">
<arg>Chrome</arg>
<arg>chrome_options=${chrome_options}</arg>
<doc>Creates an instance of Selenium WebDriver.</doc>
<msg timestamp="20240825 15:18:13.618" level="INFO">Creating an instance of the Chrome WebDriver.</msg>
<status status="PASS" starttime="20240825 15:18:13.617" endtime="20240825 15:18:14.486"/>
</kw>
<kw name="Go To" library="SeleniumLibrary">
<arg>${URL}</arg>
<doc>Navigates the current browser window to the provided ``url``.</doc>
<msg timestamp="20240825 15:18:14.487" level="INFO">Opening url 'https://www.example.com'</msg>
<status status="PASS" starttime="20240825 15:18:14.486" endtime="20240825 15:18:15.687"/>
</kw>
<status status="PASS" starttime="20240825 15:18:13.612" endtime="20240825 15:18:15.689"/>
</kw>
<kw name="Page Should Contain" library="SeleniumLibrary">
<arg>This domain is for use in illustrative examples in documents</arg>
<doc>Verifies that current page contains ``text``.</doc>
<msg timestamp="20240825 15:18:15.735" level="INFO">Current page contains text 'This domain is for use in illustrative examples in documents'.</msg>
<status status="PASS" starttime="20240825 15:18:15.689" endtime="20240825 15:18:15.735"/>
</kw>
<kw name="Capture Page Screenshot" library="SeleniumLibrary">
<doc>Takes a screenshot of the current page and embeds it into a log file.</doc>
<msg timestamp="20240825 15:18:15.822" level="INFO" html="true">&lt;/td&gt;&lt;/tr&gt;&lt;tr&gt;&lt;td colspan="3"&gt;&lt;a href="selenium-screenshot-3.png"&gt;&lt;img src="selenium-screenshot-3.png" width="800px"&gt;&lt;/a&gt;</msg>
<status status="PASS" starttime="20240825 15:18:15.736" endtime="20240825 15:18:15.823"/>
</kw>
<kw name="Close Browser" library="SeleniumLibrary">
<doc>Closes the current browser.</doc>
<status status="PASS" starttime="20240825 15:18:15.823" endtime="20240825 15:18:15.885"/>
</kw>
<status status="PASS" starttime="20240825 15:18:13.610" endtime="20240825 15:18:15.885"/>
</test>
<status status="PASS" starttime="20240825 15:18:10.324" endtime="20240825 15:18:15.887"/>
</suite>
<suite id="s1-s2" name="Example Test" source="/tests/example_test.robot">
<test id="s1-s2-t1" name="Example Test" line="20">
<kw name="Open Chrome Browser">
<kw name="Evaluate" library="BuiltIn">
<var>${chrome_options}</var>
<arg>sys.modules['selenium.webdriver'].ChromeOptions()</arg>
<arg>sys</arg>
<doc>Evaluates the given expression in Python and returns the result.</doc>
<msg timestamp="20240825 15:18:15.905" level="INFO">${chrome_options} = &lt;selenium.webdriver.chrome.options.Options object at 0x7fb4f250ffd0&gt;</msg>
<status status="PASS" starttime="20240825 15:18:15.904" endtime="20240825 15:18:15.905"/>
</kw>
<kw name="Run Keyword If" library="BuiltIn">
<arg>${HEADLESS}</arg>
<arg>Call Method</arg>
<arg>${chrome_options}</arg>
<arg>add_argument</arg>
<arg>--headless</arg>
<doc>Runs the given keyword with the given arguments, if ``condition`` is true.</doc>
<kw name="Call Method" library="BuiltIn">
<arg>${chrome_options}</arg>
<arg>add_argument</arg>
<arg>--headless</arg>
<doc>Calls the named method of the given object with the provided arguments.</doc>
<status status="PASS" starttime="20240825 15:18:15.906" endtime="20240825 15:18:15.906"/>
</kw>
<status status="PASS" starttime="20240825 15:18:15.906" endtime="20240825 15:18:15.906"/>
</kw>
<kw name="Call Method" library="BuiltIn">
<arg>${chrome_options}</arg>
<arg>add_argument</arg>
<arg>--no-sandbox</arg>
<doc>Calls the named method of the given object with the provided arguments.</doc>
<status status="PASS" starttime="20240825 15:18:15.907" endtime="20240825 15:18:15.907"/>
</kw>
<kw name="Call Method" library="BuiltIn">
<arg>${chrome_options}</arg>
<arg>add_argument</arg>
<arg>--disable-dev-shm-usage</arg>
<doc>Calls the named method of the given object with the provided arguments.</doc>
<status status="PASS" starttime="20240825 15:18:15.907" endtime="20240825 15:18:15.907"/>
</kw>
<kw name="Create Webdriver" library="SeleniumLibrary">
<arg>Chrome</arg>
<arg>chrome_options=${chrome_options}</arg>
<doc>Creates an instance of Selenium WebDriver.</doc>
<msg timestamp="20240825 15:18:15.908" level="INFO">Creating an instance of the Chrome WebDriver.</msg>
<status status="PASS" starttime="20240825 15:18:15.908" endtime="20240825 15:18:16.759"/>
</kw>
<kw name="Go To" library="SeleniumLibrary">
<arg>${URL}</arg>
<doc>Navigates the current browser window to the provided ``url``.</doc>
<msg timestamp="20240825 15:18:16.761" level="INFO">Opening url 'https://www.example.com'</msg>
<status status="PASS" starttime="20240825 15:18:16.760" endtime="20240825 15:18:17.740"/>
</kw>
<status status="PASS" starttime="20240825 15:18:15.903" endtime="20240825 15:18:17.740"/>
</kw>
<kw name="Title Should Be" library="SeleniumLibrary">
<arg>Example Domain</arg>
<doc>Verifies that the current page title equals ``title``.</doc>
<msg timestamp="20240825 15:18:17.755" level="INFO">Page title is 'Example Domain'.</msg>
<status status="PASS" starttime="20240825 15:18:17.740" endtime="20240825 15:18:17.755"/>
</kw>
<kw name="Close Browser" library="SeleniumLibrary">
<doc>Closes the current browser.</doc>
<status status="PASS" starttime="20240825 15:18:17.756" endtime="20240825 15:18:17.819"/>
</kw>
<status status="PASS" starttime="20240825 15:18:15.902" endtime="20240825 15:18:17.820"/>
</test>
<status status="PASS" starttime="20240825 15:18:15.889" endtime="20240825 15:18:17.821"/>
</suite>
<status status="PASS" starttime="20240825 15:18:10.286" endtime="20240825 15:18:17.824"/>
</suite>
<statistics>
<total>
<stat pass="3" fail="0" skip="0">All Tests</stat>
</total>
<tag>
</tag>
<suite>
<stat pass="3" fail="0" skip="0" id="s1" name="Tests">Tests</stat>
<stat pass="2" fail="0" skip="0" id="s1-s1" name="Example1 Test">Tests.Example1 Test</stat>
<stat pass="1" fail="0" skip="0" id="s1-s2" name="Example Test">Tests.Example Test</stat>
</suite>
</statistics>
<errors>
</errors>
</robot>
