<?xml version="1.0" encoding="UTF-8"?>
<robot generator="Robot 6.0.2 (Python 3.9.19 on linux)" generated="20240828 10:06:49.260" rpa="false" schemaversion="3">
<suite id="s1" name="Tests" source="/tests">
<suite id="s1-s1" name="Example1 Test" source="/tests/example1_test.robot">
<test id="s1-s1-t1" name="Example 1 - Check Page Title" line="20">
<kw name="Open Chrome Browser">
<kw name="Evaluate" library="BuiltIn">
<var>${chrome_options}</var>
<arg>sys.modules['selenium.webdriver'].ChromeOptions()</arg>
<arg>sys</arg>
<doc>Evaluates the given expression in Python and returns the result.</doc>
<msg timestamp="20240828 10:06:49.872" level="INFO">${chrome_options} = &lt;selenium.webdriver.chrome.options.Options object at 0x7f73d7845a90&gt;</msg>
<status status="PASS" starttime="20240828 10:06:49.871" endtime="20240828 10:06:49.872"/>
</kw>
<kw name="Run Keyword If" library="BuiltIn">
<arg>${HEADLESS}</arg>
<arg>Call Method</arg>
<arg>${chrome_options}</arg>
<arg>add_argument</arg>
<arg>--headless</arg>
<doc>Runs the given keyword with the given arguments, if ``condition`` is true.</doc>
<kw name="Call Method" library="BuiltIn">
<arg>${chrome_options}</arg>
<arg>add_argument</arg>
<arg>--headless</arg>
<doc>Calls the named method of the given object with the provided arguments.</doc>
<status status="PASS" starttime="20240828 10:06:49.873" endtime="20240828 10:06:49.874"/>
</kw>
<status status="PASS" starttime="20240828 10:06:49.872" endtime="20240828 10:06:49.874"/>
</kw>
<kw name="Call Method" library="BuiltIn">
<arg>${chrome_options}</arg>
<arg>add_argument</arg>
<arg>--no-sandbox</arg>
<doc>Calls the named method of the given object with the provided arguments.</doc>
<status status="PASS" starttime="20240828 10:06:49.874" endtime="20240828 10:06:49.874"/>
</kw>
<kw name="Call Method" library="BuiltIn">
<arg>${chrome_options}</arg>
<arg>add_argument</arg>
<arg>--disable-dev-shm-usage</arg>
<doc>Calls the named method of the given object with the provided arguments.</doc>
<status status="PASS" starttime="20240828 10:06:49.875" endtime="20240828 10:06:49.875"/>
</kw>
<kw name="Create Webdriver" library="SeleniumLibrary">
<arg>Chrome</arg>
<arg>chrome_options=${chrome_options}</arg>
<doc>Creates an instance of Selenium WebDriver.</doc>
<msg timestamp="20240828 10:06:49.876" level="INFO">Creating an instance of the Chrome WebDriver.</msg>
<status status="PASS" starttime="20240828 10:06:49.876" endtime="20240828 10:06:51.842"/>
</kw>
<kw name="Go To" library="SeleniumLibrary">
<arg>${URL}</arg>
<doc>Navigates the current browser window to the provided ``url``.</doc>
<msg timestamp="20240828 10:06:51.843" level="INFO">Opening url 'https://www.example.com'</msg>
<status status="PASS" starttime="20240828 10:06:51.842" endtime="20240828 10:06:52.822"/>
</kw>
<status status="PASS" starttime="20240828 10:06:49.869" endtime="20240828 10:06:52.823"/>
</kw>
<kw name="Get Title" library="SeleniumLibrary">
<var>${title}</var>
<doc>Returns the title of the current page.</doc>
<msg timestamp="20240828 10:06:52.859" level="INFO">${title} = Example Domain</msg>
<status status="PASS" starttime="20240828 10:06:52.823" endtime="20240828 10:06:52.860"/>
</kw>
<kw name="Log" library="BuiltIn">
<arg>Page title is: ${title}</arg>
<doc>Logs the given message with the given level.</doc>
<msg timestamp="20240828 10:06:52.861" level="INFO">Page title is: Example Domain</msg>
<status status="PASS" starttime="20240828 10:06:52.860" endtime="20240828 10:06:52.861"/>
</kw>
<kw name="Should Be Equal" library="BuiltIn">
<arg>${title}</arg>
<arg>Example Domain</arg>
<doc>Fails if the given objects are unequal.</doc>
<status status="PASS" starttime="20240828 10:06:52.861" endtime="20240828 10:06:52.861"/>
</kw>
<kw name="Close Browser" library="SeleniumLibrary">
<doc>Closes the current browser.</doc>
<status status="PASS" starttime="20240828 10:06:52.862" endtime="20240828 10:06:52.927"/>
</kw>
<status status="PASS" starttime="20240828 10:06:49.867" endtime="20240828 10:06:52.928"/>
</test>
<test id="s1-s1-t2" name="Example 1 - Check Page Content" line="27">
<kw name="Open Chrome Browser">
<kw name="Evaluate" library="BuiltIn">
<var>${chrome_options}</var>
<arg>sys.modules['selenium.webdriver'].ChromeOptions()</arg>
<arg>sys</arg>
<doc>Evaluates the given expression in Python and returns the result.</doc>
<msg timestamp="20240828 10:06:52.934" level="INFO">${chrome_options} = &lt;selenium.webdriver.chrome.options.Options object at 0x7f73d778e940&gt;</msg>
<status status="PASS" starttime="20240828 10:06:52.933" endtime="20240828 10:06:52.935"/>
</kw>
<kw name="Run Keyword If" library="BuiltIn">
<arg>${HEADLESS}</arg>
<arg>Call Method</arg>
<arg>${chrome_options}</arg>
<arg>add_argument</arg>
<arg>--headless</arg>
<doc>Runs the given keyword with the given arguments, if ``condition`` is true.</doc>
<kw name="Call Method" library="BuiltIn">
<arg>${chrome_options}</arg>
<arg>add_argument</arg>
<arg>--headless</arg>
<doc>Calls the named method of the given object with the provided arguments.</doc>
<status status="PASS" starttime="20240828 10:06:52.936" endtime="20240828 10:06:52.936"/>
</kw>
<status status="PASS" starttime="20240828 10:06:52.935" endtime="20240828 10:06:52.937"/>
</kw>
<kw name="Call Method" library="BuiltIn">
<arg>${chrome_options}</arg>
<arg>add_argument</arg>
<arg>--no-sandbox</arg>
<doc>Calls the named method of the given object with the provided arguments.</doc>
<status status="PASS" starttime="20240828 10:06:52.937" endtime="20240828 10:06:52.937"/>
</kw>
<kw name="Call Method" library="BuiltIn">
<arg>${chrome_options}</arg>
<arg>add_argument</arg>
<arg>--disable-dev-shm-usage</arg>
<doc>Calls the named method of the given object with the provided arguments.</doc>
<status status="PASS" starttime="20240828 10:06:52.938" endtime="20240828 10:06:52.938"/>
</kw>
<kw name="Create Webdriver" library="SeleniumLibrary">
<arg>Chrome</arg>
<arg>chrome_options=${chrome_options}</arg>
<doc>Creates an instance of Selenium WebDriver.</doc>
<msg timestamp="20240828 10:06:52.939" level="INFO">Creating an instance of the Chrome WebDriver.</msg>
<status status="PASS" starttime="20240828 10:06:52.938" endtime="20240828 10:06:54.379"/>
</kw>
<kw name="Go To" library="SeleniumLibrary">
<arg>${URL}</arg>
<doc>Navigates the current browser window to the provided ``url``.</doc>
<msg timestamp="20240828 10:06:54.382" level="INFO">Opening url 'https://www.example.com'</msg>
<status status="PASS" starttime="20240828 10:06:54.380" endtime="20240828 10:06:55.139"/>
</kw>
<status status="PASS" starttime="20240828 10:06:52.932" endtime="20240828 10:06:55.140"/>
</kw>
<kw name="Page Should Contain" library="SeleniumLibrary">
<arg>This domain is for use in illustrative examples in documents</arg>
<doc>Verifies that current page contains ``text``.</doc>
<msg timestamp="20240828 10:06:55.207" level="INFO">Current page contains text 'This domain is for use in illustrative examples in documents'.</msg>
<status status="PASS" starttime="20240828 10:06:55.140" endtime="20240828 10:06:55.207"/>
</kw>
<kw name="Capture Page Screenshot" library="SeleniumLibrary">
<doc>Takes a screenshot of the current page and embeds it into a log file.</doc>
<msg timestamp="20240828 10:06:55.343" level="INFO" html="true">&lt;/td&gt;&lt;/tr&gt;&lt;tr&gt;&lt;td colspan="3"&gt;&lt;a href="selenium-screenshot-5.png"&gt;&lt;img src="selenium-screenshot-5.png" width="800px"&gt;&lt;/a&gt;</msg>
<status status="PASS" starttime="20240828 10:06:55.207" endtime="20240828 10:06:55.343"/>
</kw>
<kw name="Close Browser" library="SeleniumLibrary">
<doc>Closes the current browser.</doc>
<status status="PASS" starttime="20240828 10:06:55.344" endtime="20240828 10:06:55.406"/>
</kw>
<status status="PASS" starttime="20240828 10:06:52.929" endtime="20240828 10:06:55.407"/>
</test>
<status status="PASS" starttime="20240828 10:06:49.344" endtime="20240828 10:06:55.409"/>
</suite>
<suite id="s1-s2" name="Example Test" source="/tests/example_test.robot">
<test id="s1-s2-t1" name="Example Test" line="20">
<kw name="Open Chrome Browser">
<kw name="Evaluate" library="BuiltIn">
<var>${chrome_options}</var>
<arg>sys.modules['selenium.webdriver'].ChromeOptions()</arg>
<arg>sys</arg>
<doc>Evaluates the given expression in Python and returns the result.</doc>
<msg timestamp="20240828 10:06:55.430" level="INFO">${chrome_options} = &lt;selenium.webdriver.chrome.options.Options object at 0x7f73d77a9ca0&gt;</msg>
<status status="PASS" starttime="20240828 10:06:55.428" endtime="20240828 10:06:55.430"/>
</kw>
<kw name="Run Keyword If" library="BuiltIn">
<arg>${HEADLESS}</arg>
<arg>Call Method</arg>
<arg>${chrome_options}</arg>
<arg>add_argument</arg>
<arg>--headless</arg>
<doc>Runs the given keyword with the given arguments, if ``condition`` is true.</doc>
<kw name="Call Method" library="BuiltIn">
<arg>${chrome_options}</arg>
<arg>add_argument</arg>
<arg>--headless</arg>
<doc>Calls the named method of the given object with the provided arguments.</doc>
<status status="PASS" starttime="20240828 10:06:55.431" endtime="20240828 10:06:55.432"/>
</kw>
<status status="PASS" starttime="20240828 10:06:55.430" endtime="20240828 10:06:55.432"/>
</kw>
<kw name="Call Method" library="BuiltIn">
<arg>${chrome_options}</arg>
<arg>add_argument</arg>
<arg>--no-sandbox</arg>
<doc>Calls the named method of the given object with the provided arguments.</doc>
<status status="PASS" starttime="20240828 10:06:55.432" endtime="20240828 10:06:55.434"/>
</kw>
<kw name="Call Method" library="BuiltIn">
<arg>${chrome_options}</arg>
<arg>add_argument</arg>
<arg>--disable-dev-shm-usage</arg>
<doc>Calls the named method of the given object with the provided arguments.</doc>
<status status="PASS" starttime="20240828 10:06:55.434" endtime="20240828 10:06:55.435"/>
</kw>
<kw name="Create Webdriver" library="SeleniumLibrary">
<arg>Chrome</arg>
<arg>chrome_options=${chrome_options}</arg>
<doc>Creates an instance of Selenium WebDriver.</doc>
<msg timestamp="20240828 10:06:55.436" level="INFO">Creating an instance of the Chrome WebDriver.</msg>
<status status="PASS" starttime="20240828 10:06:55.435" endtime="20240828 10:06:56.771"/>
</kw>
<kw name="Go To" library="SeleniumLibrary">
<arg>${URL}</arg>
<doc>Navigates the current browser window to the provided ``url``.</doc>
<msg timestamp="20240828 10:06:56.773" level="INFO">Opening url 'https://www.example.com'</msg>
<status status="PASS" starttime="20240828 10:06:56.772" endtime="20240828 10:06:57.589"/>
</kw>
<status status="PASS" starttime="20240828 10:06:55.427" endtime="20240828 10:06:57.590"/>
</kw>
<kw name="Title Should Be" library="SeleniumLibrary">
<arg>Example Domain</arg>
<doc>Verifies that the current page title equals ``title``.</doc>
<msg timestamp="20240828 10:06:57.614" level="INFO">Page title is 'Example Domain'.</msg>
<status status="PASS" starttime="20240828 10:06:57.590" endtime="20240828 10:06:57.614"/>
</kw>
<kw name="Close Browser" library="SeleniumLibrary">
<doc>Closes the current browser.</doc>
<status status="PASS" starttime="20240828 10:06:57.614" endtime="20240828 10:06:57.678"/>
</kw>
<status status="PASS" starttime="20240828 10:06:55.425" endtime="20240828 10:06:57.679"/>
</test>
<status status="PASS" starttime="20240828 10:06:55.414" endtime="20240828 10:06:57.680"/>
</suite>
<status status="PASS" starttime="20240828 10:06:49.263" endtime="20240828 10:06:57.685"/>
</suite>
<statistics>
<total>
<stat pass="3" fail="0" skip="0">All Tests</stat>
</total>
<tag>
</tag>
<suite>
<stat pass="3" fail="0" skip="0" id="s1" name="Tests">Tests</stat>
<stat pass="2" fail="0" skip="0" id="s1-s1" name="Example1 Test">Tests.Example1 Test</stat>
<stat pass="1" fail="0" skip="0" id="s1-s2" name="Example Test">Tests.Example Test</stat>
</suite>
</statistics>
<errors>
</errors>
</robot>
